<?xml version="1.0" encoding="UTF-8"?>
<testsuite name="EMPTY_NAME" tests="1" skipped="0" failures="0" errors="0" timestamp="2020-04-07T16:17:25" hostname="DESKTOP-OQALJ8C" time="43.93">
  <properties/>
  <testcase name="Acceder a la Web Automation demo" classname="EMPTY_NAME" time="43.93"/>
  <system-out><![CDATA[]]></system-out>
  <system-err><![CDATA[abr 07, 2020 11:17:26 AM org.openqa.selenium.remote.DesiredCapabilities chrome
INFORMACIÓN: Using `new ChromeOptions()` is preferred to `DesiredCapabilities.chrome()`
[Test worker] INFO net.serenitybdd.core.webdriver.driverproviders.ProvideNewDriver - Instantiating driver
[Test worker] INFO net.serenitybdd.core.webdriver.driverproviders.ProvideNewDriver - Driver capabilities: Capabilities {acceptInsecureCerts: false, browserName: chrome, chrome.switches: --start-maximized, goog:chromeOptions: {args: [--start-maximized], extensions: []}, loggingPrefs: org.openqa.selenium.logging..., platform: ANY, version: }
Starting ChromeDriver 80.0.3987.106 (f68069574609230cf9b635cd784cfb1bf81bb53a-refs/branch-heads/3987@{#882}) on port 47844
Only local connections are allowed.
Please protect ports used by ChromeDriver and related test frameworks to prevent access by malicious code.
[1586276253.148][WARNING]: Timed out connecting to Chrome, retrying...
abr 07, 2020 11:17:35 AM org.openqa.selenium.remote.ProtocolHandshake createSession
INFORMACIÓN: Detected dialect: W3C
[1586276256.434][SEVERE]: Timed out receiving message from renderer: 0.100
[1586276256.538][SEVERE]: Timed out receiving message from renderer: 0.100
[1586276256.645][SEVERE]: Timed out receiving message from renderer: 0.100
[1586276256.749][SEVERE]: Timed out receiving message from renderer: 0.100
[1586276256.853][SEVERE]: Timed out receiving message from renderer: 0.100
[1586276256.958][SEVERE]: Timed out receiving message from renderer: 0.100
[1586276257.061][SEVERE]: Timed out receiving message from renderer: 0.100
[1586276257.174][SEVERE]: Timed out receiving message from renderer: 0.100
[1586276257.282][SEVERE]: Timed out receiving message from renderer: 0.100
[1586276257.385][SEVERE]: Timed out receiving message from renderer: 0.100
[1586276257.490][SEVERE]: Timed out receiving message from renderer: 0.100
[1586276257.600][SEVERE]: Timed out receiving message from renderer: 0.100
[1586276257.813][SEVERE]: Timed out receiving message from renderer: 0.100
[1586276257.930][SEVERE]: Timed out receiving message from renderer: 0.100
[1586276258.037][SEVERE]: Timed out receiving message from renderer: 0.100
[1586276258.141][SEVERE]: Timed out receiving message from renderer: 0.100
[1586276258.250][SEVERE]: Timed out receiving message from renderer: 0.100
[1586276258.357][SEVERE]: Timed out receiving message from renderer: 0.100
[1586276258.462][SEVERE]: Timed out receiving message from renderer: 0.100
[1586276258.566][SEVERE]: Timed out receiving message from renderer: 0.100
[1586276258.702][SEVERE]: Timed out receiving message from renderer: 0.100
[1586276258.838][SEVERE]: Timed out receiving message from renderer: 0.100
[1586276259.365][SEVERE]: Timed out receiving message from renderer: 0.100
[1586276261.417][SEVERE]: Timed out receiving message from renderer: 0.100
[1586276261.521][SEVERE]: Timed out receiving message from renderer: 0.100
[1586276261.625][SEVERE]: Timed out receiving message from renderer: 0.100
[1586276261.867][SEVERE]: Timed out receiving message from renderer: 0.100
[1586276262.053][SEVERE]: Timed out receiving message from renderer: 0.100
[1586276262.161][SEVERE]: Timed out receiving message from renderer: 0.100
[1586276281.982][SEVERE]: Timed out receiving message from renderer: 0.100
[1586276282.170][SEVERE]: Timed out receiving message from renderer: 0.100
[1586276282.280][SEVERE]: Timed out receiving message from renderer: 0.100
[1586276282.386][SEVERE]: Timed out receiving message from renderer: 0.100
[1586276282.492][SEVERE]: Timed out receiving message from renderer: 0.100
[1586276282.598][SEVERE]: Timed out receiving message from renderer: 0.100
[1586276282.702][SEVERE]: Timed out receiving message from renderer: 0.100
[1586276282.816][SEVERE]: Timed out receiving message from renderer: 0.100
[1586276285.322][SEVERE]: Timed out receiving message from renderer: 0.100
[1586276285.426][SEVERE]: Timed out receiving message from renderer: 0.100
[1586276285.548][SEVERE]: Timed out receiving message from renderer: 0.100
[1586276285.706][SEVERE]: Timed out receiving message from renderer: 0.100
[1586276285.807][SEVERE]: Timed out receiving message from renderer: 0.100
[1586276285.914][SEVERE]: Timed out receiving message from renderer: 0.100
[1586276286.018][SEVERE]: Timed out receiving message from renderer: 0.100
[1586276286.122][SEVERE]: Timed out receiving message from renderer: 0.100
[1586276286.223][SEVERE]: Timed out receiving message from renderer: 0.100
[1586276286.342][SEVERE]: Timed out receiving message from renderer: 0.100
[1586276286.446][SEVERE]: Timed out receiving message from renderer: 0.100
[1586276286.551][SEVERE]: Timed out receiving message from renderer: 0.100
[1586276286.663][SEVERE]: Timed out receiving message from renderer: 0.100
[1586276286.794][SEVERE]: Timed out receiving message from renderer: 0.100
[1586276286.898][SEVERE]: Timed out receiving message from renderer: 0.100
[1586276287.004][SEVERE]: Timed out receiving message from renderer: 0.100
[1586276287.114][SEVERE]: Timed out receiving message from renderer: 0.100
[1586276287.218][SEVERE]: Timed out receiving message from renderer: 0.100
[1586276287.342][SEVERE]: Timed out receiving message from renderer: 0.100
[1586276287.446][SEVERE]: Timed out receiving message from renderer: 0.100
[Test worker] INFO net.thucydides.core.steps.ConsoleLoggingListener - 
        __    _____ _____ ____ _____   ____   _    ____  ____  _____ ____  
  _     \ \  |_   _| ____/ ___|_   _| |  _ \ / \  / ___|/ ___|| ____|  _ \ 
 (_)_____| |   | | |  _| \___ \ | |   | |_) / _ \ \___ \\___ \|  _| | | | |
  _|_____| |   | | | |___ ___) || |   |  __/ ___ \ ___) |___) | |___| |_| |
 (_)     | |   |_| |_____|____/ |_|   |_| /_/   \_\____/|____/|_____|____/ 
        /_/                                                                

TEST PASSED: Acceder a la Web Automation demo
----------------------------------------------------------------------------
]]></system-err>
</testsuite>
